# JRE version: Java(TM) SE Runtime Environment (17.0.12+8) (build 17.0.12+8-LTS-286)
# Java VM: Java HotSpot(TM) 64-Bit Server VM (17.0.12+8-LTS-286, mixed mode, sharing, tiered, compressed oops, compressed class ptrs, g1 gc, windows-amd64)
GC Precious Log:
 CPUs: 8 total, 8 available
 Memory: 16232M
 Large Page Support: Disabled
 NUMA Support: Disabled
 Compressed Oops: Enabled (Zero based)
 Heap Region Size: 2M
 Heap Min Capacity: 8M
 Heap Initial Capacity: 254M
 Heap Max Capacity: 4060M
 Pre-touch: Disabled
 Parallel Workers: 8
 Concurrent Workers: 2
 Concurrent Refinement Workers: 8
 Periodic GC: Disabled
Heap:
 garbage-first heap   total 96256K, used 39864K [0x0000000702400000, 0x0000000800000000)
  region size 2048K, 4 young (8192K), 3 survivors (6144K)
 Metaspace       used 85392K, committed 86144K, reserved 1179648K
  class space    used 11460K, committed 11840K, reserved 1048576K
GC Heap History (20 events):
Event: 3.866 GC heap before
{Heap before GC invocations=9 (full 0):
 garbage-first heap   total 61440K, used 21719K [0x0000000702400000, 0x0000000800000000)
  region size 2048K, 3 young (6144K), 2 survivors (4096K)
 Metaspace       used 32483K, committed 33024K, reserved 1114112K
  class space    used 4281K, committed 4544K, reserved 1048576K
}
Event: 3.871 GC heap after
{Heap after GC invocations=10 (full 0):
 garbage-first heap   total 61440K, used 19782K [0x0000000702400000, 0x0000000800000000)
  region size 2048K, 1 young (2048K), 1 survivors (2048K)
 Metaspace       used 32483K, committed 33024K, reserved 1114112K
  class space    used 4281K, committed 4544K, reserved 1048576K
}
Event: 4.381 GC heap before
{Heap before GC invocations=10 (full 0):
 garbage-first heap   total 61440K, used 40262K [0x0000000702400000, 0x0000000800000000)
  region size 2048K, 12 young (24576K), 1 survivors (2048K)
 Metaspace       used 36206K, committed 36736K, reserved 1114112K
  class space    used 4712K, committed 4992K, reserved 1048576K
}
Event: 4.384 GC heap after
{Heap after GC invocations=11 (full 0):
 garbage-first heap   total 161792K, used 21329K [0x0000000702400000, 0x0000000800000000)
  region size 2048K, 2 young (4096K), 2 survivors (4096K)
 Metaspace       used 36206K, committed 36736K, reserved 1114112K
  class space    used 4712K, committed 4992K, reserved 1048576K
}
Event: 5.833 GC heap before
{Heap before GC invocations=11 (full 0):
 garbage-first heap   total 161792K, used 66385K [0x0000000702400000, 0x0000000800000000)
  region size 2048K, 25 young (51200K), 2 survivors (4096K)
 Metaspace       used 47792K, committed 48256K, reserved 1114112K
  class space    used 6344K, committed 6592K, reserved 1048576K
}
Event: 5.844 GC heap after
{Heap after GC invocations=12 (full 0):
 garbage-first heap   total 161792K, used 24592K [0x0000000702400000, 0x0000000800000000)
  region size 2048K, 3 young (6144K), 3 survivors (6144K)
 Metaspace       used 47792K, committed 48256K, reserved 1114112K
  class space    used 6344K, committed 6592K, reserved 1048576K
}
Event: 7.434 GC heap before
{Heap before GC invocations=13 (full 0):
 garbage-first heap   total 96256K, used 75792K [0x0000000702400000, 0x0000000800000000)
  region size 2048K, 28 young (57344K), 3 survivors (6144K)
 Metaspace       used 61058K, committed 61632K, reserved 1114112K
  class space    used 8169K, committed 8448K, reserved 1048576K
}
Event: 7.441 GC heap after
{Heap after GC invocations=14 (full 0):
 garbage-first heap   total 96256K, used 27907K [0x0000000702400000, 0x0000000800000000)
  region size 2048K, 4 young (8192K), 4 survivors (8192K)
 Metaspace       used 61058K, committed 61632K, reserved 1114112K
  class space    used 8169K, committed 8448K, reserved 1048576K
}
Event: 7.489 GC heap before
{Heap before GC invocations=14 (full 0):
 garbage-first heap   total 96256K, used 29955K [0x0000000702400000, 0x0000000800000000)
  region size 2048K, 5 young (10240K), 4 survivors (8192K)
 Metaspace       used 61560K, committed 62144K, reserved 1114112K
  class space    used 8256K, committed 8512K, reserved 1048576K
}
Event: 7.494 GC heap after
{Heap after GC invocations=15 (full 0):
 garbage-first heap   total 96256K, used 28243K [0x0000000702400000, 0x0000000800000000)
  region size 2048K, 1 young (2048K), 1 survivors (2048K)
 Metaspace       used 61560K, committed 62144K, reserved 1114112K
  class space    used 8256K, committed 8512K, reserved 1048576K
}
Event: 8.753 GC heap before
{Heap before GC invocations=15 (full 0):
 garbage-first heap   total 96256K, used 71251K [0x0000000702400000, 0x0000000800000000)
  region size 2048K, 22 young (45056K), 1 survivors (2048K)
 Metaspace       used 68096K, committed 68672K, reserved 1114112K
  class space    used 9218K, committed 9472K, reserved 1048576K
}
Event: 8.756 GC heap after
{Heap after GC invocations=16 (full 0):
 garbage-first heap   total 96256K, used 30042K [0x0000000702400000, 0x0000000800000000)
  region size 2048K, 2 young (4096K), 2 survivors (4096K)
 Metaspace       used 68096K, committed 68672K, reserved 1114112K
  class space    used 9218K, committed 9472K, reserved 1048576K
}
Event: 9.630 GC heap before
{Heap before GC invocations=17 (full 0):
 garbage-first heap   total 96256K, used 73050K [0x0000000702400000, 0x0000000800000000)
  region size 2048K, 23 young (47104K), 2 survivors (4096K)
 Metaspace       used 71623K, committed 72320K, reserved 1114112K
  class space    used 9712K, committed 10048K, reserved 1048576K
}
Event: 9.635 GC heap after
{Heap after GC invocations=18 (full 0):
 garbage-first heap   total 96256K, used 32416K [0x0000000702400000, 0x0000000800000000)
  region size 2048K, 3 young (6144K), 3 survivors (6144K)
 Metaspace       used 71623K, committed 72320K, reserved 1114112K
  class space    used 9712K, committed 10048K, reserved 1048576K
}
Event: 10.838 GC heap before
{Heap before GC invocations=18 (full 0):
 garbage-first heap   total 96256K, used 73376K [0x0000000702400000, 0x0000000800000000)
  region size 2048K, 23 young (47104K), 3 survivors (6144K)
 Metaspace       used 75243K, committed 75904K, reserved 1179648K
  class space    used 10222K, committed 10560K, reserved 1048576K
}
Event: 10.844 GC heap after
{Heap after GC invocations=19 (full 0):
 garbage-first heap   total 96256K, used 35198K [0x0000000702400000, 0x0000000800000000)
  region size 2048K, 3 young (6144K), 3 survivors (6144K)
 Metaspace       used 75243K, committed 75904K, reserved 1179648K
  class space    used 10222K, committed 10560K, reserved 1048576K
}
Event: 17.240 GC heap before
{Heap before GC invocations=19 (full 0):
 garbage-first heap   total 96256K, used 72062K [0x0000000702400000, 0x0000000800000000)
  region size 2048K, 22 young (45056K), 3 survivors (6144K)
 Metaspace       used 82584K, committed 83328K, reserved 1179648K
  class space    used 11216K, committed 11584K, reserved 1048576K
}
Event: 17.248 GC heap after
{Heap after GC invocations=20 (full 0):
 garbage-first heap   total 96256K, used 37558K [0x0000000702400000, 0x0000000800000000)
  region size 2048K, 3 young (6144K), 3 survivors (6144K)
 Metaspace       used 82584K, committed 83328K, reserved 1179648K
  class space    used 11216K, committed 11584K, reserved 1048576K
}
Event: 267.406 GC heap before
{Heap before GC invocations=20 (full 0):
 garbage-first heap   total 96256K, used 76470K [0x0000000702400000, 0x0000000800000000)
  region size 2048K, 22 young (45056K), 3 survivors (6144K)
 Metaspace       used 85362K, committed 86144K, reserved 1179648K
  class space    used 11458K, committed 11840K, reserved 1048576K
}
Event: 267.414 GC heap after
{Heap after GC invocations=21 (full 0):
 garbage-first heap   total 96256K, used 39864K [0x0000000702400000, 0x0000000800000000)
  region size 2048K, 3 young (6144K), 3 survivors (6144K)
 Metaspace       used 85362K, committed 86144K, reserved 1179648K
  class space    used 11458K, committed 11840K, reserved 1048576K
}

